mode: set
webapp/cmd/web/handlers.go:12.70,14.2 1 1
webapp/cmd/web/handlers.go:21.108,24.16 2 1
webapp/cmd/web/handlers.go:24.16,27.3 2 0
webapp/cmd/web/handlers.go:29.2,34.16 4 1
webapp/cmd/web/handlers.go:34.16,36.3 1 0
webapp/cmd/web/handlers.go:37.2,37.12 1 1
webapp/cmd/web/main.go:11.13,24.16 5 0
webapp/cmd/web/main.go:24.16,26.3 1 0
webapp/cmd/web/middlewere.go:14.67,16.2 1 1
webapp/cmd/web/middlewere.go:18.72,19.71 1 1
webapp/cmd/web/middlewere.go:19.71,23.17 3 1
webapp/cmd/web/middlewere.go:23.17,25.20 2 1
webapp/cmd/web/middlewere.go:25.20,27.5 1 1
webapp/cmd/web/middlewere.go:28.4,28.60 1 1
webapp/cmd/web/middlewere.go:29.9,31.4 1 1
webapp/cmd/web/middlewere.go:32.3,32.40 1 1
webapp/cmd/web/middlewere.go:37.45,39.16 2 1
webapp/cmd/web/middlewere.go:39.16,41.3 1 1
webapp/cmd/web/middlewere.go:43.2,44.19 2 1
webapp/cmd/web/middlewere.go:44.19,46.3 1 1
webapp/cmd/web/middlewere.go:48.2,49.22 2 1
webapp/cmd/web/middlewere.go:49.22,51.3 1 1
webapp/cmd/web/middlewere.go:53.2,53.18 1 1
webapp/cmd/web/middlewere.go:53.18,55.3 1 0
webapp/cmd/web/middlewere.go:57.2,57.16 1 1
webapp/cmd/web/routes.go:10.47,25.2 7 1
