mode: set
webapp/cmd/web/forms.go:10.41,12.26 2 1
webapp/cmd/web/forms.go:12.26,14.3 1 1
webapp/cmd/web/forms.go:15.2,15.23 1 1
webapp/cmd/web/forms.go:18.43,20.2 1 1
webapp/cmd/web/forms.go:28.37,33.2 1 1
webapp/cmd/web/forms.go:35.38,37.13 2 1
webapp/cmd/web/forms.go:37.13,39.3 1 1
webapp/cmd/web/forms.go:40.2,40.13 1 1
webapp/cmd/web/forms.go:43.43,44.31 1 1
webapp/cmd/web/forms.go:44.31,46.37 2 1
webapp/cmd/web/forms.go:46.37,48.4 1 1
webapp/cmd/web/forms.go:52.52,53.9 1 1
webapp/cmd/web/forms.go:53.9,55.3 1 1
webapp/cmd/web/forms.go:58.29,60.2 1 1
webapp/cmd/web/handlers.go:13.70,15.2 1 1
webapp/cmd/web/handlers.go:22.108,25.16 2 1
webapp/cmd/web/handlers.go:25.16,28.3 2 0
webapp/cmd/web/handlers.go:30.2,35.16 4 1
webapp/cmd/web/handlers.go:35.16,37.3 1 0
webapp/cmd/web/handlers.go:38.2,38.12 1 1
webapp/cmd/web/handlers.go:41.71,43.16 2 0
webapp/cmd/web/handlers.go:43.16,47.3 3 0
webapp/cmd/web/handlers.go:49.2,54.22 4 0
webapp/cmd/web/main.go:11.13,24.16 5 0
webapp/cmd/web/main.go:24.16,26.3 1 0
webapp/cmd/web/middlewere.go:14.67,16.2 1 1
webapp/cmd/web/middlewere.go:18.72,19.71 1 1
webapp/cmd/web/middlewere.go:19.71,23.17 3 1
webapp/cmd/web/middlewere.go:23.17,25.20 2 1
webapp/cmd/web/middlewere.go:25.20,27.5 1 1
webapp/cmd/web/middlewere.go:28.4,28.60 1 1
webapp/cmd/web/middlewere.go:29.9,31.4 1 1
webapp/cmd/web/middlewere.go:32.3,32.40 1 1
webapp/cmd/web/middlewere.go:37.45,39.16 2 1
webapp/cmd/web/middlewere.go:39.16,41.3 1 1
webapp/cmd/web/middlewere.go:43.2,44.19 2 1
webapp/cmd/web/middlewere.go:44.19,46.3 1 1
webapp/cmd/web/middlewere.go:48.2,49.22 2 1
webapp/cmd/web/middlewere.go:49.22,51.3 1 1
webapp/cmd/web/middlewere.go:53.2,53.18 1 1
webapp/cmd/web/middlewere.go:53.18,55.3 1 0
webapp/cmd/web/middlewere.go:57.2,57.16 1 1
webapp/cmd/web/routes.go:10.47,26.2 8 1
